<?xml version="1.0" encoding="UTF-8"?>
<!-- Generated by org.testng.reporters.JUnitReportReporter -->
<testsuite hostname="Jigar" failures="0" tests="1" name="com.qa.pages.test1" time="41.678" errors="0" timestamp="2023-08-01T00:32:30 IST" skipped="0">
  <testcase classname="com.qa.pages.test1" name="test1method" time="41.678"/>
  <system-out/>
</testsuite> <!-- com.qa.pages.test1 -->
