<?xml version="1.0" encoding="UTF-8"?>
<!-- Generated by org.testng.reporters.JUnitReportReporter -->
<testsuite hostname="Jigar" failures="0" tests="1" name="com.qa.tests.LoginTest" time="0.059" errors="0" timestamp="2023-07-07T17:30:50 IST" skipped="0">
  <testcase classname="com.qa.tests.LoginTest" name="logintest" time="0.059"/>
  <system-out/>
</testsuite> <!-- com.qa.tests.LoginTest -->
